Notice: Solar elevations: > 3.0 (Day), < -6.0 (Night)
Notice: Temperatures: 5700K (Day), 3600K (Night)
Notice: Brightness: 1.00:1.00
Notice: Gamma (Day): 0.800, 0.800, 0.800
Notice: Gamma (Night): 0.800, 0.800, 0.800
Notice: Location: 45.20 N, 19.70 E
Notice: Color temperature: 6500K
Notice: Brightness: 1.00
Notice: Status: Enabled
Notice: Period: Daytime
Notice: Color temperature: 5700K
MPD error: Connection refused
/home/lazar/.local/bin/bar_update: line 20: (counter + 1) % song_length : division by 0 (error token is "song_length ")
MPD error: Connection refused
MPD error: Connection refused
Connection error

Connection error

/home/lazar/.local/bin/bar_update: line 43: ((: > 59 : syntax error: operand expected (error token is "> 59 ")
/home/lazar/.local/bin/bar_update: line 45: ((: > 19 : syntax error: operand expected (error token is "> 19 ")
/home/lazar/.local/bin/bar_update: line 47: ((: > 0 : syntax error: operand expected (error token is "> 0 ")
WARNING: Could not find theme AdwaitaLegacy
F: Can't get document portal: GDBus.Error:org.freedesktop.portal.Error.Failed: Can't mount path /run/user/1000/doc

(nitrogen:928): Gtk-WARNING **: 08:45:52.525: Unable to locate theme engine in module_path: "adwaita",

(nitrogen:928): Gtk-WARNING **: 08:45:52.525: Unable to locate theme engine in module_path: "adwaita",

(copyq:946): Gtk-WARNING **: 08:45:52.609: Unable to locate theme engine in module_path: "adwaita",

(copyq:946): Gtk-WARNING **: 08:45:52.609: Unable to locate theme engine in module_path: "adwaita",

(nitrogen:928): Gtk-WARNING **: 08:45:52.711: Unable to locate theme engine in module_path: "adwaita",

(nitrogen:928): Gtk-WARNING **: 08:45:52.712: Unable to locate theme engine in module_path: "adwaita",

(nitrogen:928): GLib-GObject-CRITICAL **: 08:45:52.723: Attempting to freeze the notification queue for object GtkSettings[0x55d080db5750]; Property notification does not work during instance finalization.

(nitrogen:928): GLib-GObject-CRITICAL **: 08:45:52.723: Attempting to thaw the notification queue for object GtkSettings[0x55d080db5750]; Property notification does not work during instance finalization.
New PolkitAgentListener  0x55a42bdf0b50
Adding new listener  PolkitQt1::Agent::Listener(0x7ffd40084630) for  0x55a42bdf0b50
Connection error

Connection error

/home/lazar/.local/bin/bar_update: line 43: ((: > 59 : syntax error: operand expected (error token is "> 59 ")
/home/lazar/.local/bin/bar_update: line 45: ((: > 19 : syntax error: operand expected (error token is "> 19 ")
/home/lazar/.local/bin/bar_update: line 47: ((: > 0 : syntax error: operand expected (error token is "> 0 ")
Warning: [default] QtWarning: QSystemTrayIcon::setVisible: No Icon set
Warning: [qt.qpa.xcb] QtWarning: Unhandled client message:  "_NET_SYSTEM_TRAY_S0"
Connection error

Connection error

/home/lazar/.local/bin/bar_update: line 43: ((: > 59 : syntax error: operand expected (error token is "> 59 ")
/home/lazar/.local/bin/bar_update: line 45: ((: > 19 : syntax error: operand expected (error token is "> 19 ")
/home/lazar/.local/bin/bar_update: line 47: ((: > 0 : syntax error: operand expected (error token is "> 0 ")
[2:0111/084553.256937:ERROR:bus.cc(407)] Failed to connect to the bus: Failed to connect to socket /run/dbus/system_bus_socket: No such file or directory
Connection error

Connection error

/home/lazar/.local/bin/bar_update: line 43: ((: > 59 : syntax error: operand expected (error token is "> 59 ")
/home/lazar/.local/bin/bar_update: line 45: ((: > 19 : syntax error: operand expected (error token is "> 19 ")
/home/lazar/.local/bin/bar_update: line 47: ((: > 0 : syntax error: operand expected (error token is "> 0 ")
Connection error

Connection error

/home/lazar/.local/bin/bar_update: line 43: ((: > 59 : syntax error: operand expected (error token is "> 59 ")
/home/lazar/.local/bin/bar_update: line 45: ((: > 19 : syntax error: operand expected (error token is "> 19 ")
/home/lazar/.local/bin/bar_update: line 47: ((: > 0 : syntax error: operand expected (error token is "> 0 ")
N 08:45:54.075136 wp-internal-comp-l ../lib/wp/private/internal-comp-loader.c:945:wp_internal_comp_loader_load: Loading profile 'main'
Connection error

Connection error

/home/lazar/.local/bin/bar_update: line 43: ((: > 59 : syntax error: operand expected (error token is "> 59 ")
/home/lazar/.local/bin/bar_update: line 45: ((: > 19 : syntax error: operand expected (error token is "> 19 ")
/home/lazar/.local/bin/bar_update: line 47: ((: > 0 : syntax error: operand expected (error token is "> 0 ")
N 08:45:54.263502 wp-internal-comp-l ../lib/wp/private/internal-comp-loader.c:589:on_component_loaded: <WpCore:0x55865a25a0d0> optional component 'support.logind [module: libwireplumber-module-logind]' failed to load: Failed to locate module libwireplumber-module-logind
N 08:45:54.263540 wp-internal-comp-l ../lib/wp/private/internal-comp-loader.c:641:wp_component_array_load_task_execute_step: <WpCore:0x55865a25a0d0> skipping component 'monitor.bluez.seat-monitoring [virtual]' because some of its dependencies were not loaded
N 08:45:54.264639          wp-device ../lib/wp/device.c:630:wp_spa_device_new_from_spa_factory: SPA handle 'api.bluez5.enum.dbus' could not be loaded; is it installed?
N 08:45:54.264668         s-monitors bluez.lua:386:createMonitor: PipeWire's BlueZ SPA plugin is missing or broken. Bluetooth devices will not be supported.
N 08:45:54.265400          wp-device ../lib/wp/device.c:630:wp_spa_device_new_from_spa_factory: SPA handle 'api.bluez5.midi.enum' could not be loaded; is it installed?
N 08:45:54.265425         s-monitors bluez-midi.lua:95:createMonitor: PipeWire's BlueZ MIDI SPA missing or broken. Bluetooth not supported.
E 08:45:54.265508        pw.resource ../src/pipewire/resource.c:255:pw_resource_errorf_id: can't create node: No such file or directory
W 08:45:54.265527            wp-node ../lib/wp/node.c:913:wp_impl_node_new_from_pw_factory: failed to create node from factory 'spa-node-factory'
N 08:45:54.265534         s-monitors bluez-midi.lua:130:createServers: Failed to create BLE MIDI server.
[2:0111/084554.344195:ERROR:bus.cc(407)] Failed to connect to the bus: Failed to connect to socket /run/dbus/system_bus_socket: No such file or directory
[2:0111/084554.344282:ERROR:bus.cc(407)] Failed to connect to the bus: Failed to connect to socket /run/dbus/system_bus_socket: No such file or directory
Connection error

Connection error

/home/lazar/.local/bin/bar_update: line 43: ((: > 59 : syntax error: operand expected (error token is "> 59 ")
/home/lazar/.local/bin/bar_update: line 45: ((: > 19 : syntax error: operand expected (error token is "> 19 ")
/home/lazar/.local/bin/bar_update: line 47: ((: > 0 : syntax error: operand expected (error token is "> 0 ")
[0:00:13.367628362] [1304] [1;32m INFO [1;37mCamera [1;34mcamera_manager.cpp:325 [0mlibcamera v0.3.2
LaunchProcess: failed to execvp:
xdg-settings
Connection error

Connection error

/home/lazar/.local/bin/bar_update: line 43: ((: > 59 : syntax error: operand expected (error token is "> 59 ")
/home/lazar/.local/bin/bar_update: line 45: ((: > 19 : syntax error: operand expected (error token is "> 19 ")
/home/lazar/.local/bin/bar_update: line 47: ((: > 0 : syntax error: operand expected (error token is "> 0 ")
Connection error

/home/lazar/.local/bin/bar_update: line 43: ((: > 59 : syntax error: operand expected (error token is "> 59 ")
/home/lazar/.local/bin/bar_update: line 45: ((: > 19 : syntax error: operand expected (error token is "> 19 ")
/home/lazar/.local/bin/bar_update: line 47: ((: > 0 : syntax error: operand expected (error token is "> 0 ")
[2:0111/084556.846054:ERROR:bus.cc(407)] Failed to connect to the bus: Failed to connect to socket /run/dbus/system_bus_socket: No such file or directory
[2:0111/084556.846123:ERROR:bus.cc(407)] Failed to connect to the bus: Failed to connect to socket /run/dbus/system_bus_socket: No such file or directory
[2:0111/084556.846150:ERROR:bus.cc(407)] Failed to connect to the bus: Failed to connect to socket /run/dbus/system_bus_socket: No such file or directory
[MobX] Since strict-mode is enabled, changing (observed) observable values without using an action is not allowed. Tried to modify: Settings@13.store

(orca-slicer:3163): GLib-GObject-CRITICAL **: 08:46:19.234: invalid cast from 'wxPizza' to 'GtkCellLayout'

(orca-slicer:3163): Gtk-CRITICAL **: 08:46:19.234: gtk_cell_layout_get_cells: assertion 'GTK_IS_CELL_LAYOUT (cell_layout)' failed

(orca-slicer:3163): GLib-GObject-CRITICAL **: 08:46:19.236: invalid cast from 'wxPizza' to 'GtkCellLayout'

(orca-slicer:3163): Gtk-CRITICAL **: 08:46:19.236: gtk_cell_layout_get_cells: assertion 'GTK_IS_CELL_LAYOUT (cell_layout)' failed

(orca-slicer:3163): GLib-GObject-CRITICAL **: 08:46:19.237: invalid cast from 'wxPizza' to 'GtkCellLayout'

(orca-slicer:3163): Gtk-CRITICAL **: 08:46:19.237: gtk_cell_layout_get_cells: assertion 'GTK_IS_CELL_LAYOUT (cell_layout)' failed

(orca-slicer:3163): GLib-GObject-CRITICAL **: 08:46:19.237: invalid cast from 'wxPizza' to 'GtkCellLayout'

(orca-slicer:3163): Gtk-CRITICAL **: 08:46:19.237: gtk_cell_layout_get_cells: assertion 'GTK_IS_CELL_LAYOUT (cell_layout)' failed

(orca-slicer:3163): GLib-GObject-CRITICAL **: 08:46:19.239: invalid cast from 'wxPizza' to 'GtkCellLayout'

(orca-slicer:3163): Gtk-CRITICAL **: 08:46:19.239: gtk_cell_layout_get_cells: assertion 'GTK_IS_CELL_LAYOUT (cell_layout)' failed

(orca-slicer:3163): GLib-GObject-CRITICAL **: 08:46:19.239: invalid cast from 'wxPizza' to 'GtkCellLayout'

(orca-slicer:3163): Gtk-CRITICAL **: 08:46:19.239: gtk_cell_layout_get_cells: assertion 'GTK_IS_CELL_LAYOUT (cell_layout)' failed

(orca-slicer:3163): GLib-GObject-CRITICAL **: 08:46:19.240: invalid cast from 'wxPizza' to 'GtkCellLayout'

(orca-slicer:3163): Gtk-CRITICAL **: 08:46:19.240: gtk_cell_layout_get_cells: assertion 'GTK_IS_CELL_LAYOUT (cell_layout)' failed

(orca-slicer:3163): GLib-GObject-CRITICAL **: 08:46:19.241: invalid cast from 'wxPizza' to 'GtkCellLayout'

(orca-slicer:3163): Gtk-CRITICAL **: 08:46:19.241: gtk_cell_layout_get_cells: assertion 'GTK_IS_CELL_LAYOUT (cell_layout)' failed

(orca-slicer:3163): Gtk-CRITICAL **: 08:46:19.242: gtk_widget_set_size_request: assertion 'width >= -1' failed

(orca-slicer:3163): Gtk-CRITICAL **: 08:46:19.242: gtk_widget_set_size_request: assertion 'width >= -1' failed

(orca-slicer:3163): GLib-GObject-CRITICAL **: 08:46:19.242: invalid cast from 'wxPizza' to 'GtkCellLayout'

(orca-slicer:3163): Gtk-CRITICAL **: 08:46:19.242: gtk_cell_layout_get_cells: assertion 'GTK_IS_CELL_LAYOUT (cell_layout)' failed

(orca-slicer:3163): Gtk-CRITICAL **: 08:46:19.243: gtk_widget_set_size_request: assertion 'width >= -1' failed

(orca-slicer:3163): Gtk-CRITICAL **: 08:46:19.243: gtk_widget_set_size_request: assertion 'width >= -1' failed

(orca-slicer:3163): GLib-GObject-CRITICAL **: 08:46:19.243: invalid cast from 'wxPizza' to 'GtkCellLayout'

(orca-slicer:3163): Gtk-CRITICAL **: 08:46:19.243: gtk_cell_layout_get_cells: assertion 'GTK_IS_CELL_LAYOUT (cell_layout)' failed

(orca-slicer:3163): Gtk-CRITICAL **: 08:46:19.429: gtk_window_resize: assertion 'height > 0' failed

(orca-slicer:3163): Gtk-CRITICAL **: 08:46:19.435: gtk_widget_set_size_request: assertion 'width >= -1' failed

(orca-slicer:3163): Gtk-CRITICAL **: 08:46:19.435: gtk_widget_set_size_request: assertion 'width >= -1' failed

(orca-slicer:3163): Gtk-CRITICAL **: 08:46:19.435: gtk_widget_set_size_request: assertion 'width >= -1' failed

(orca-slicer:3163): Gtk-CRITICAL **: 08:46:19.435: gtk_widget_set_size_request: assertion 'width >= -1' failed

(orca-slicer:3163): Gtk-CRITICAL **: 08:46:19.436: gtk_widget_set_size_request: assertion 'width >= -1' failed

(orca-slicer:3163): Gtk-CRITICAL **: 08:46:19.436: gtk_widget_set_size_request: assertion 'width >= -1' failed

(orca-slicer:3163): Gtk-CRITICAL **: 08:46:19.436: gtk_widget_set_size_request: assertion 'width >= -1' failed

(orca-slicer:3163): Gtk-CRITICAL **: 08:46:19.436: gtk_widget_set_size_request: assertion 'width >= -1' failed

(orca-slicer:3163): Gtk-CRITICAL **: 08:46:19.459: gtk_window_resize: assertion 'height > 0' failed

(orca-slicer:3163): Gtk-CRITICAL **: 08:46:19.460: gtk_widget_set_size_request: assertion 'width >= -1' failed

(orca-slicer:3163): Gtk-CRITICAL **: 08:46:19.460: gtk_widget_set_size_request: assertion 'width >= -1' failed

(orca-slicer:3163): Gtk-CRITICAL **: 08:46:19.720: gtk_widget_set_size_request: assertion 'width >= -1' failed

(orca-slicer:3163): Gtk-CRITICAL **: 08:46:19.720: gtk_widget_set_size_request: assertion 'width >= -1' failed

(orca-slicer:3163): Gtk-CRITICAL **: 08:46:19.735: gtk_widget_set_size_request: assertion 'width >= -1' failed

(orca-slicer:3163): Gtk-CRITICAL **: 08:46:19.735: gtk_widget_set_size_request: assertion 'width >= -1' failed

(orca-slicer:3163): Gtk-CRITICAL **: 08:46:19.739: gtk_widget_set_size_request: assertion 'width >= -1' failed

(orca-slicer:3163): Gtk-CRITICAL **: 08:46:19.739: gtk_widget_set_size_request: assertion 'width >= -1' failed

(orca-slicer:3163): Gtk-CRITICAL **: 08:46:19.747: gtk_widget_set_size_request: assertion 'width >= -1' failed

(orca-slicer:3163): Gtk-CRITICAL **: 08:46:19.747: gtk_widget_set_size_request: assertion 'width >= -1' failed

(orca-slicer:3163): Gtk-CRITICAL **: 08:46:19.754: gtk_widget_set_size_request: assertion 'width >= -1' failed

(orca-slicer:3163): Gtk-CRITICAL **: 08:46:19.754: gtk_widget_set_size_request: assertion 'width >= -1' failed

(orca-slicer:3163): Gtk-CRITICAL **: 08:46:19.761: gtk_widget_set_size_request: assertion 'width >= -1' failed

(orca-slicer:3163): Gtk-CRITICAL **: 08:46:19.761: gtk_widget_set_size_request: assertion 'width >= -1' failed

(orca-slicer:3163): Gtk-CRITICAL **: 08:46:19.770: gtk_widget_set_size_request: assertion 'width >= -1' failed

(orca-slicer:3163): Gtk-CRITICAL **: 08:46:19.770: gtk_widget_set_size_request: assertion 'width >= -1' failed

(orca-slicer:3163): Gtk-CRITICAL **: 08:46:19.777: gtk_widget_set_size_request: assertion 'width >= -1' failed

(orca-slicer:3163): Gtk-CRITICAL **: 08:46:19.777: gtk_widget_set_size_request: assertion 'width >= -1' failed

** (orca-slicer:3163): CRITICAL **: 08:46:20.087: Cannot register URI scheme wxfs more than once

** (orca-slicer:3163): CRITICAL **: 08:46:20.087: Cannot register URI scheme memory more than once

** (orca-slicer:3163): CRITICAL **: 08:46:20.259: Cannot register URI scheme wxfs more than once

** (orca-slicer:3163): CRITICAL **: 08:46:20.259: Cannot register URI scheme memory more than once

** (orca-slicer:3163): CRITICAL **: 08:46:20.264: Cannot register URI scheme wxfs more than once

** (orca-slicer:3163): CRITICAL **: 08:46:20.264: Cannot register URI scheme memory more than once

(orca-slicer:3163): Gtk-CRITICAL **: 08:46:20.273: gtk_widget_set_size_request: assertion 'width >= -1' failed

(orca-slicer:3163): Gtk-CRITICAL **: 08:46:20.273: gtk_widget_set_size_request: assertion 'width >= -1' failed

(orca-slicer:3163): Gtk-CRITICAL **: 08:46:20.273: gtk_widget_set_size_request: assertion 'width >= -1' failed

(orca-slicer:3163): Gtk-CRITICAL **: 08:46:20.273: gtk_widget_set_size_request: assertion 'width >= -1' failed

(orca-slicer:3163): Gtk-CRITICAL **: 08:46:20.273: gtk_widget_set_size_request: assertion 'width >= -1' failed

(orca-slicer:3163): Gtk-CRITICAL **: 08:46:20.273: gtk_widget_set_size_request: assertion 'width >= -1' failed

(orca-slicer:3163): Gtk-CRITICAL **: 08:46:20.289: gtk_widget_set_size_request: assertion 'width >= -1' failed

(orca-slicer:3163): Gtk-CRITICAL **: 08:46:20.289: gtk_widget_set_size_request: assertion 'width >= -1' failed

(orca-slicer:3163): Gtk-CRITICAL **: 08:46:20.289: gtk_widget_set_size_request: assertion 'width >= -1' failed

(orca-slicer:3163): Gtk-CRITICAL **: 08:46:20.289: gtk_widget_set_size_request: assertion 'width >= -1' failed

(orca-slicer:3163): Gtk-CRITICAL **: 08:46:20.289: gtk_widget_set_size_request: assertion 'width >= -1' failed

(orca-slicer:3163): Gtk-CRITICAL **: 08:46:20.289: gtk_widget_set_size_request: assertion 'width >= -1' failed

(orca-slicer:3163): Gtk-CRITICAL **: 08:46:20.290: gtk_window_resize: assertion 'width > 0' failed

(orca-slicer:3163): Gtk-CRITICAL **: 08:46:20.290: gtk_widget_set_size_request: assertion 'width >= -1' failed

(orca-slicer:3163): Gtk-CRITICAL **: 08:46:20.355: gtk_window_resize: assertion 'height > 0' failed

(orca-slicer:3163): Gtk-CRITICAL **: 08:46:20.355: gtk_widget_set_size_request: assertion 'width >= -1' failed

(orca-slicer:3163): Gtk-CRITICAL **: 08:46:20.355: gtk_widget_set_size_request: assertion 'width >= -1' failed

(orca-slicer:3163): Gtk-CRITICAL **: 08:46:20.356: gtk_window_resize: assertion 'height > 0' failed

(orca-slicer:3163): Gtk-CRITICAL **: 08:46:20.357: gtk_widget_set_size_request: assertion 'width >= -1' failed

(orca-slicer:3163): Gtk-CRITICAL **: 08:46:20.357: gtk_widget_set_size_request: assertion 'width >= -1' failed

(orca-slicer:3163): Gtk-CRITICAL **: 08:46:20.358: gtk_window_resize: assertion 'height > 0' failed

(orca-slicer:3163): Gtk-CRITICAL **: 08:46:20.358: gtk_widget_set_size_request: assertion 'width >= -1' failed

(orca-slicer:3163): Gtk-CRITICAL **: 08:46:20.358: gtk_widget_set_size_request: assertion 'width >= -1' failed

(orca-slicer:3163): Gtk-CRITICAL **: 08:46:20.359: gtk_window_resize: assertion 'height > 0' failed

(orca-slicer:3163): Gtk-CRITICAL **: 08:46:20.359: gtk_widget_set_size_request: assertion 'width >= -1' failed

(orca-slicer:3163): Gtk-CRITICAL **: 08:46:20.359: gtk_widget_set_size_request: assertion 'width >= -1' failed

(orca-slicer:3163): Gtk-CRITICAL **: 08:46:20.361: gtk_window_resize: assertion 'height > 0' failed

(orca-slicer:3163): Gtk-CRITICAL **: 08:46:20.362: gtk_widget_set_size_request: assertion 'width >= -1' failed

(orca-slicer:3163): Gtk-CRITICAL **: 08:46:20.362: gtk_widget_set_size_request: assertion 'width >= -1' failed
Terminated

(orca-slicer:3163): Gtk-CRITICAL **: 08:46:20.526: gtk_window_resize: assertion 'height > 0' failed

(orca-slicer:3163): Gtk-CRITICAL **: 08:46:20.526: gtk_widget_set_size_request: assertion 'width >= -1' failed

(orca-slicer:3163): Gtk-CRITICAL **: 08:46:20.526: gtk_widget_set_size_request: assertion 'width >= -1' failed

(orca-slicer:3163): Gtk-CRITICAL **: 08:46:20.527: gtk_window_resize: assertion 'height > 0' failed

(orca-slicer:3163): Gtk-CRITICAL **: 08:46:20.527: gtk_widget_set_size_request: assertion 'width >= -1' failed

(orca-slicer:3163): Gtk-CRITICAL **: 08:46:20.527: gtk_widget_set_size_request: assertion 'width >= -1' failed

(orca-slicer:3163): Gtk-CRITICAL **: 08:46:20.528: gtk_window_resize: assertion 'height > 0' failed

(orca-slicer:3163): Gtk-CRITICAL **: 08:46:20.528: gtk_widget_set_size_request: assertion 'width >= -1' failed

(orca-slicer:3163): Gtk-CRITICAL **: 08:46:20.528: gtk_widget_set_size_request: assertion 'width >= -1' failed

(orca-slicer:3163): Gtk-CRITICAL **: 08:46:20.529: gtk_window_resize: assertion 'height > 0' failed

(orca-slicer:3163): Gtk-CRITICAL **: 08:46:20.529: gtk_widget_set_size_request: assertion 'width >= -1' failed

(orca-slicer:3163): Gtk-CRITICAL **: 08:46:20.529: gtk_widget_set_size_request: assertion 'width >= -1' failed

(orca-slicer:3163): Gtk-CRITICAL **: 08:46:20.530: gtk_window_resize: assertion 'height > 0' failed

(orca-slicer:3163): Gtk-CRITICAL **: 08:46:20.530: gtk_widget_set_size_request: assertion 'width >= -1' failed

(orca-slicer:3163): Gtk-CRITICAL **: 08:46:20.530: gtk_widget_set_size_request: assertion 'width >= -1' failed
Terminated

(orca-slicer:3163): Gtk-CRITICAL **: 08:46:20.758: gtk_widget_set_size_request: assertion 'width >= -1' failed

(orca-slicer:3163): GLib-GObject-CRITICAL **: 08:46:20.759: invalid cast from 'wxPizza' to 'GtkCellLayout'

(orca-slicer:3163): Gtk-CRITICAL **: 08:46:20.759: gtk_cell_layout_get_cells: assertion 'GTK_IS_CELL_LAYOUT (cell_layout)' failed

(orca-slicer:3163): GLib-GObject-CRITICAL **: 08:46:20.759: invalid cast from 'wxPizza' to 'GtkCellLayout'

(orca-slicer:3163): Gtk-CRITICAL **: 08:46:20.759: gtk_cell_layout_get_cells: assertion 'GTK_IS_CELL_LAYOUT (cell_layout)' failed

(orca-slicer:3163): GLib-GObject-CRITICAL **: 08:46:20.761: invalid cast from 'wxPizza' to 'GtkCellLayout'

(orca-slicer:3163): Gtk-CRITICAL **: 08:46:20.761: gtk_cell_layout_get_cells: assertion 'GTK_IS_CELL_LAYOUT (cell_layout)' failed

(orca-slicer:3163): GLib-GObject-CRITICAL **: 08:46:20.761: invalid cast from 'wxPizza' to 'GtkCellLayout'

(orca-slicer:3163): Gtk-CRITICAL **: 08:46:20.761: gtk_cell_layout_get_cells: assertion 'GTK_IS_CELL_LAYOUT (cell_layout)' failed

(orca-slicer:3163): GLib-GObject-CRITICAL **: 08:46:20.762: invalid cast from 'wxPizza' to 'GtkCellLayout'

(orca-slicer:3163): Gtk-CRITICAL **: 08:46:20.762: gtk_cell_layout_get_cells: assertion 'GTK_IS_CELL_LAYOUT (cell_layout)' failed

(orca-slicer:3163): GLib-GObject-CRITICAL **: 08:46:20.764: invalid cast from 'wxPizza' to 'GtkCellLayout'

(orca-slicer:3163): Gtk-CRITICAL **: 08:46:20.764: gtk_cell_layout_get_cells: assertion 'GTK_IS_CELL_LAYOUT (cell_layout)' failed

(orca-slicer:3163): Gtk-CRITICAL **: 08:46:20.764: gtk_widget_set_size_request: assertion 'width >= -1' failed

(orca-slicer:3163): Gtk-CRITICAL **: 08:46:20.764: gtk_widget_set_size_request: assertion 'width >= -1' failed

(orca-slicer:3163): GLib-GObject-CRITICAL **: 08:46:20.764: invalid cast from 'wxPizza' to 'GtkCellLayout'

(orca-slicer:3163): Gtk-CRITICAL **: 08:46:20.764: gtk_cell_layout_get_cells: assertion 'GTK_IS_CELL_LAYOUT (cell_layout)' failed

(orca-slicer:3163): Gtk-CRITICAL **: 08:46:20.765: gtk_widget_set_size_request: assertion 'width >= -1' failed

(orca-slicer:3163): Gtk-CRITICAL **: 08:46:20.792: gtk_window_resize: assertion 'height > 0' failed

(orca-slicer:3163): Gtk-CRITICAL **: 08:46:20.793: gtk_widget_set_size_request: assertion 'width >= -1' failed

(orca-slicer:3163): Gtk-CRITICAL **: 08:46:20.793: gtk_widget_set_size_request: assertion 'width >= -1' failed

(orca-slicer:3163): Gtk-CRITICAL **: 08:46:20.794: gtk_window_resize: assertion 'height > 0' failed

(orca-slicer:3163): Gtk-CRITICAL **: 08:46:20.808: gtk_widget_set_size_request: assertion 'width >= -1' failed

(orca-slicer:3163): Gtk-CRITICAL **: 08:46:20.808: gtk_widget_set_size_request: assertion 'width >= -1' failed

(orca-slicer:3163): Gtk-CRITICAL **: 08:46:20.818: gtk_window_resize: assertion 'height > 0' failed

(orca-slicer:3163): Gtk-CRITICAL **: 08:46:20.818: gtk_widget_set_size_request: assertion 'width >= -1' failed

(orca-slicer:3163): Gtk-CRITICAL **: 08:46:20.818: gtk_widget_set_size_request: assertion 'width >= -1' failed

(orca-slicer:3163): Gtk-CRITICAL **: 08:46:20.819: gtk_window_resize: assertion 'height > 0' failed

(orca-slicer:3163): Gtk-CRITICAL **: 08:46:20.820: gtk_widget_set_size_request: assertion 'width >= -1' failed

(orca-slicer:3163): Gtk-CRITICAL **: 08:46:20.820: gtk_widget_set_size_request: assertion 'width >= -1' failed

(orca-slicer:3163): Gtk-CRITICAL **: 08:46:20.820: gtk_widget_set_size_request: assertion 'width >= -1' failed

(orca-slicer:3163): Gtk-CRITICAL **: 08:46:20.820: gtk_widget_set_size_request: assertion 'width >= -1' failed

(orca-slicer:3163): Gtk-CRITICAL **: 08:46:20.822: gtk_widget_set_size_request: assertion 'width >= -1' failed

(orca-slicer:3163): Gtk-CRITICAL **: 08:46:20.822: gtk_widget_set_size_request: assertion 'width >= -1' failed

(orca-slicer:3163): Gtk-CRITICAL **: 08:46:20.824: gtk_window_resize: assertion 'height > 0' failed

(orca-slicer:3163): Gtk-CRITICAL **: 08:46:20.824: gtk_widget_set_size_request: assertion 'width >= -1' failed

(orca-slicer:3163): Gtk-CRITICAL **: 08:46:20.824: gtk_widget_set_size_request: assertion 'width >= -1' failed

(orca-slicer:3163): Gtk-CRITICAL **: 08:46:20.832: gtk_window_resize: assertion 'height > 0' failed

(orca-slicer:3163): Gtk-CRITICAL **: 08:46:20.832: gtk_widget_set_size_request: assertion 'width >= -1' failed

(orca-slicer:3163): Gtk-CRITICAL **: 08:46:20.832: gtk_widget_set_size_request: assertion 'width >= -1' failed

(orca-slicer:3163): Gtk-CRITICAL **: 08:46:20.833: gtk_window_resize: assertion 'height > 0' failed

(orca-slicer:3163): Gtk-CRITICAL **: 08:46:20.840: gtk_widget_set_size_request: assertion 'width >= -1' failed

(orca-slicer:3163): Gtk-CRITICAL **: 08:46:20.840: gtk_widget_set_size_request: assertion 'width >= -1' failed

(orca-slicer:3163): Gtk-CRITICAL **: 08:46:20.843: gtk_window_resize: assertion 'height > 0' failed

(orca-slicer:3163): Gtk-CRITICAL **: 08:46:20.845: gtk_window_resize: assertion 'height > 0' failed

(orca-slicer:3163): Gtk-CRITICAL **: 08:46:20.856: gtk_widget_set_size_request: assertion 'width >= -1' failed
Terminated
Terminated

(orca-slicer:3163): Gtk-CRITICAL **: 08:46:21.222: gtk_widget_set_size_request: assertion 'width >= -1' failed

(orca-slicer:3163): Gtk-CRITICAL **: 08:46:21.222: gtk_widget_set_size_request: assertion 'width >= -1' failed
Terminated
Terminated
Terminated

(orca-slicer:3163): GLib-GObject-CRITICAL **: 08:46:22.528: invalid cast from 'wxPizza' to 'GtkCellLayout'

(orca-slicer:3163): Gtk-CRITICAL **: 08:46:22.528: gtk_cell_layout_get_cells: assertion 'GTK_IS_CELL_LAYOUT (cell_layout)' failed

(orca-slicer:3163): GLib-GObject-CRITICAL **: 08:46:22.528: invalid cast from 'wxPizza' to 'GtkCellLayout'

(orca-slicer:3163): Gtk-CRITICAL **: 08:46:22.528: gtk_cell_layout_get_cells: assertion 'GTK_IS_CELL_LAYOUT (cell_layout)' failed

(orca-slicer:3163): GLib-GObject-CRITICAL **: 08:46:22.533: invalid cast from 'wxPizza' to 'GtkCellLayout'

(orca-slicer:3163): Gtk-CRITICAL **: 08:46:22.533: gtk_cell_layout_get_cells: assertion 'GTK_IS_CELL_LAYOUT (cell_layout)' failed

(orca-slicer:3163): GLib-GObject-CRITICAL **: 08:46:22.533: invalid cast from 'wxPizza' to 'GtkCellLayout'

(orca-slicer:3163): Gtk-CRITICAL **: 08:46:22.533: gtk_cell_layout_get_cells: assertion 'GTK_IS_CELL_LAYOUT (cell_layout)' failed

(orca-slicer:3163): GLib-GObject-CRITICAL **: 08:46:22.535: invalid cast from 'wxPizza' to 'GtkCellLayout'

(orca-slicer:3163): Gtk-CRITICAL **: 08:46:22.536: gtk_cell_layout_get_cells: assertion 'GTK_IS_CELL_LAYOUT (cell_layout)' failed

(orca-slicer:3163): GLib-GObject-CRITICAL **: 08:46:22.539: invalid cast from 'wxPizza' to 'GtkCellLayout'

(orca-slicer:3163): Gtk-CRITICAL **: 08:46:22.539: gtk_cell_layout_get_cells: assertion 'GTK_IS_CELL_LAYOUT (cell_layout)' failed

(orca-slicer:3163): GLib-GObject-CRITICAL **: 08:46:22.540: invalid cast from 'wxPizza' to 'GtkCellLayout'

(orca-slicer:3163): Gtk-CRITICAL **: 08:46:22.540: gtk_cell_layout_get_cells: assertion 'GTK_IS_CELL_LAYOUT (cell_layout)' failed
Terminated

(orca-slicer:3163): GLib-GObject-CRITICAL **: 08:46:26.220: invalid cast from 'wxPizza' to 'GtkCellLayout'

(orca-slicer:3163): Gtk-CRITICAL **: 08:46:26.221: gtk_cell_layout_get_cells: assertion 'GTK_IS_CELL_LAYOUT (cell_layout)' failed

(orca-slicer:3163): GLib-GObject-CRITICAL **: 08:46:26.221: invalid cast from 'wxPizza' to 'GtkCellLayout'

(orca-slicer:3163): Gtk-CRITICAL **: 08:46:26.221: gtk_cell_layout_get_cells: assertion 'GTK_IS_CELL_LAYOUT (cell_layout)' failed

(orca-slicer:3163): GLib-GObject-CRITICAL **: 08:46:26.228: invalid cast from 'wxPizza' to 'GtkCellLayout'

(orca-slicer:3163): Gtk-CRITICAL **: 08:46:26.228: gtk_cell_layout_get_cells: assertion 'GTK_IS_CELL_LAYOUT (cell_layout)' failed

(orca-slicer:3163): GLib-GObject-CRITICAL **: 08:46:26.228: invalid cast from 'wxPizza' to 'GtkCellLayout'

(orca-slicer:3163): Gtk-CRITICAL **: 08:46:26.228: gtk_cell_layout_get_cells: assertion 'GTK_IS_CELL_LAYOUT (cell_layout)' failed

(orca-slicer:3163): GLib-GObject-CRITICAL **: 08:46:26.232: invalid cast from 'wxPizza' to 'GtkCellLayout'

(orca-slicer:3163): Gtk-CRITICAL **: 08:46:26.232: gtk_cell_layout_get_cells: assertion 'GTK_IS_CELL_LAYOUT (cell_layout)' failed

(orca-slicer:3163): GLib-GObject-CRITICAL **: 08:46:26.238: invalid cast from 'wxPizza' to 'GtkCellLayout'

(orca-slicer:3163): Gtk-CRITICAL **: 08:46:26.239: gtk_cell_layout_get_cells: assertion 'GTK_IS_CELL_LAYOUT (cell_layout)' failed

(orca-slicer:3163): GLib-GObject-CRITICAL **: 08:46:26.239: invalid cast from 'wxPizza' to 'GtkCellLayout'

(orca-slicer:3163): Gtk-CRITICAL **: 08:46:26.239: gtk_cell_layout_get_cells: assertion 'GTK_IS_CELL_LAYOUT (cell_layout)' failed

(orca-slicer:3163): GLib-GObject-CRITICAL **: 08:46:26.505: invalid cast from 'wxPizza' to 'GtkCellLayout'

(orca-slicer:3163): Gtk-CRITICAL **: 08:46:26.505: gtk_cell_layout_get_cells: assertion 'GTK_IS_CELL_LAYOUT (cell_layout)' failed

(orca-slicer:3163): GLib-GObject-CRITICAL **: 08:46:26.505: invalid cast from 'wxPizza' to 'GtkCellLayout'

(orca-slicer:3163): Gtk-CRITICAL **: 08:46:26.505: gtk_cell_layout_get_cells: assertion 'GTK_IS_CELL_LAYOUT (cell_layout)' failed

(orca-slicer:3163): GLib-GObject-CRITICAL **: 08:46:26.511: invalid cast from 'wxPizza' to 'GtkCellLayout'

(orca-slicer:3163): Gtk-CRITICAL **: 08:46:26.511: gtk_cell_layout_get_cells: assertion 'GTK_IS_CELL_LAYOUT (cell_layout)' failed

(orca-slicer:3163): GLib-GObject-CRITICAL **: 08:46:26.511: invalid cast from 'wxPizza' to 'GtkCellLayout'

(orca-slicer:3163): Gtk-CRITICAL **: 08:46:26.511: gtk_cell_layout_get_cells: assertion 'GTK_IS_CELL_LAYOUT (cell_layout)' failed

(orca-slicer:3163): GLib-GObject-CRITICAL **: 08:46:26.514: invalid cast from 'wxPizza' to 'GtkCellLayout'

(orca-slicer:3163): Gtk-CRITICAL **: 08:46:26.514: gtk_cell_layout_get_cells: assertion 'GTK_IS_CELL_LAYOUT (cell_layout)' failed

(orca-slicer:3163): GLib-GObject-CRITICAL **: 08:46:26.521: invalid cast from 'wxPizza' to 'GtkCellLayout'

(orca-slicer:3163): Gtk-CRITICAL **: 08:46:26.521: gtk_cell_layout_get_cells: assertion 'GTK_IS_CELL_LAYOUT (cell_layout)' failed

(orca-slicer:3163): GLib-GObject-CRITICAL **: 08:46:26.521: invalid cast from 'wxPizza' to 'GtkCellLayout'

(orca-slicer:3163): Gtk-CRITICAL **: 08:46:26.521: gtk_cell_layout_get_cells: assertion 'GTK_IS_CELL_LAYOUT (cell_layout)' failed

(orca-slicer:3163): Gtk-CRITICAL **: 08:46:40.250: gtk_widget_set_size_request: assertion 'width >= -1' failed

(orca-slicer:3163): Gtk-CRITICAL **: 08:46:40.250: gtk_widget_set_size_request: assertion 'width >= -1' failed

(orca-slicer:3163): Gtk-CRITICAL **: 08:46:40.252: gtk_widget_set_size_request: assertion 'width >= -1' failed

(orca-slicer:3163): Gtk-CRITICAL **: 08:46:40.252: gtk_widget_set_size_request: assertion 'width >= -1' failed

(orca-slicer:3163): Gtk-CRITICAL **: 08:46:44.195: gtk_widget_set_size_request: assertion 'width >= -1' failed

(orca-slicer:3163): Gtk-CRITICAL **: 08:46:44.195: gtk_widget_set_size_request: assertion 'width >= -1' failed
[56:0111/084651.872088:ERROR:simple_file_enumerator.cc(58)] Could not get file info for /home/lazar/.var/app/org.ferdium.Ferdium/config/Ferdium/Partitions/service-a7d3b955-5511-4441-8caa-92b32f0b5498/Cache/Cache_Data/a5da530c7bc846ec_0

(orca-slicer:3163): GLib-GObject-CRITICAL **: 08:47:50.120: invalid cast from 'wxPizza' to 'GtkCellLayout'

(orca-slicer:3163): Gtk-CRITICAL **: 08:47:50.120: gtk_cell_layout_get_cells: assertion 'GTK_IS_CELL_LAYOUT (cell_layout)' failed

(orca-slicer:3163): GLib-GObject-CRITICAL **: 08:47:50.121: invalid cast from 'wxPizza' to 'GtkCellLayout'

(orca-slicer:3163): Gtk-CRITICAL **: 08:47:50.121: gtk_cell_layout_get_cells: assertion 'GTK_IS_CELL_LAYOUT (cell_layout)' failed

(orca-slicer:3163): GLib-GObject-CRITICAL **: 08:47:50.142: invalid cast from 'wxPizza' to 'GtkCellLayout'

(orca-slicer:3163): Gtk-CRITICAL **: 08:47:50.142: gtk_cell_layout_get_cells: assertion 'GTK_IS_CELL_LAYOUT (cell_layout)' failed

(orca-slicer:3163): GLib-GObject-CRITICAL **: 08:47:50.143: invalid cast from 'wxPizza' to 'GtkCellLayout'

(orca-slicer:3163): Gtk-CRITICAL **: 08:47:50.143: gtk_cell_layout_get_cells: assertion 'GTK_IS_CELL_LAYOUT (cell_layout)' failed

(orca-slicer:3163): GLib-GObject-CRITICAL **: 08:47:50.150: invalid cast from 'wxPizza' to 'GtkCellLayout'

(orca-slicer:3163): Gtk-CRITICAL **: 08:47:50.150: gtk_cell_layout_get_cells: assertion 'GTK_IS_CELL_LAYOUT (cell_layout)' failed

(orca-slicer:3163): GLib-GObject-CRITICAL **: 08:47:50.160: invalid cast from 'wxPizza' to 'GtkCellLayout'

(orca-slicer:3163): Gtk-CRITICAL **: 08:47:50.160: gtk_cell_layout_get_cells: assertion 'GTK_IS_CELL_LAYOUT (cell_layout)' failed

(orca-slicer:3163): GLib-GObject-CRITICAL **: 08:47:50.161: invalid cast from 'wxPizza' to 'GtkCellLayout'

(orca-slicer:3163): Gtk-CRITICAL **: 08:47:50.161: gtk_cell_layout_get_cells: assertion 'GTK_IS_CELL_LAYOUT (cell_layout)' failed
erresc: unknown csi ESC[?2026$p
erresc: unknown csi ESC[4:3m
erresc: unknown csi ESC[>4;2m
F: Can't get document portal: GDBus.Error:org.freedesktop.DBus.Error.NoReply: Message recipient disconnected from message bus without replying
Gtk-Message: 08:51:49.294: Failed to load module "gtk-dark-theme"
Gtk-Message: 08:51:49.294: Failed to load module "gtk-dark-theme"
Gtk-Message: 08:51:50.020: Failed to load module "gtk-dark-theme"
Gtk-Message: 08:51:50.020: Failed to load module "gtk-dark-theme"
[2:2:0111/085150.189699:ERROR:object_proxy.cc(576)] Failed to call method: org.kde.KWallet.isEnabled: object_path= /modules/kwalletd6: org.freedesktop.DBus.Error.ServiceUnknown: The name org.kde.kwalletd6 was not provided by any .service files
[2:2:0111/085150.190907:ERROR:kwallet_dbus.cc(117)] Error contacting kwalletd6 (isEnabled)
[2:2:0111/085150.191474:ERROR:object_proxy.cc(576)] Failed to call method: org.kde.KLauncher.start_service_by_desktop_name: object_path= /KLauncher: org.freedesktop.DBus.Error.ServiceUnknown: org.freedesktop.DBus.Error.ServiceUnknown
[2:2:0111/085150.191495:ERROR:kwallet_dbus.cc(86)] Error contacting klauncher to start kwalletd6
[2:2:0111/085150.192179:ERROR:object_proxy.cc(576)] Failed to call method: org.kde.KWallet.close: object_path= /modules/kwalletd6: org.freedesktop.DBus.Error.ServiceUnknown: The name org.kde.kwalletd6 was not provided by any .service files
[2:2:0111/085150.192210:ERROR:kwallet_dbus.cc(412)] Error contacting kwalletd6 (close)
[2:2:0111/085150.197600:ERROR:object_proxy.cc(576)] Failed to call method: org.kde.KWallet.isEnabled: object_path= /modules/kwalletd5: org.freedesktop.DBus.Error.ServiceUnknown: org.freedesktop.DBus.Error.ServiceUnknown
[2:2:0111/085150.197664:ERROR:kwallet_dbus.cc(117)] Error contacting kwalletd5 (isEnabled)
[2:2:0111/085150.197888:ERROR:object_proxy.cc(576)] Failed to call method: org.kde.KLauncher.start_service_by_desktop_name: object_path= /KLauncher: org.freedesktop.DBus.Error.ServiceUnknown: org.freedesktop.DBus.Error.ServiceUnknown
[2:2:0111/085150.197899:ERROR:kwallet_dbus.cc(86)] Error contacting klauncher to start kwalletd5
[2:2:0111/085150.198149:ERROR:object_proxy.cc(576)] Failed to call method: org.kde.KWallet.close: object_path= /modules/kwalletd5: org.freedesktop.DBus.Error.ServiceUnknown: org.freedesktop.DBus.Error.ServiceUnknown
[2:2:0111/085150.198163:ERROR:kwallet_dbus.cc(412)] Error contacting kwalletd5 (close)
[2:2:0111/085150.202178:ERROR:object_proxy.cc(576)] Failed to call method: org.kde.KWallet.isEnabled: object_path= /modules/kwalletd: org.freedesktop.DBus.Error.ServiceUnknown: org.freedesktop.DBus.Error.ServiceUnknown
[2:2:0111/085150.202274:ERROR:kwallet_dbus.cc(117)] Error contacting kwalletd (isEnabled)
[2:2:0111/085150.202776:ERROR:object_proxy.cc(576)] Failed to call method: org.kde.KLauncher.start_service_by_desktop_name: object_path= /KLauncher: org.freedesktop.DBus.Error.ServiceUnknown: org.freedesktop.DBus.Error.ServiceUnknown
[2:2:0111/085150.202827:ERROR:kwallet_dbus.cc(86)] Error contacting klauncher to start kwalletd
[2:2:0111/085150.203301:ERROR:object_proxy.cc(576)] Failed to call method: org.kde.KWallet.close: object_path= /modules/kwalletd: org.freedesktop.DBus.Error.ServiceUnknown: org.freedesktop.DBus.Error.ServiceUnknown
[2:2:0111/085150.203348:ERROR:kwallet_dbus.cc(412)] Error contacting kwalletd (close)
[2:163:0111/085150.684926:ERROR:object_proxy.cc(576)] Failed to call method: org.freedesktop.DBus.Properties.Get: object_path= /org/freedesktop/UPower: org.freedesktop.DBus.Error.ServiceUnknown: The name org.freedesktop.UPower was not provided by any .service files
[2:163:0111/085150.685260:ERROR:object_proxy.cc(576)] Failed to call method: org.freedesktop.UPower.GetDisplayDevice: object_path= /org/freedesktop/UPower: org.freedesktop.DBus.Error.ServiceUnknown: The name org.freedesktop.UPower was not provided by any .service files
[2:163:0111/085150.685522:ERROR:object_proxy.cc(576)] Failed to call method: org.freedesktop.UPower.EnumerateDevices: object_path= /org/freedesktop/UPower: org.freedesktop.DBus.Error.ServiceUnknown: The name org.freedesktop.UPower was not provided by any .service files
[2:2:0111/085150.691170:ERROR:object_proxy.cc(576)] Failed to call method: org.freedesktop.portal.Secret.RetrieveSecret: object_path= /org/freedesktop/portal/desktop: org.freedesktop.DBus.Error.UnknownMethod: No such interface “org.freedesktop.portal.Secret” on object at path /org/freedesktop/portal/desktop
[2:2:0111/085150.691215:ERROR:secret_portal_key_provider.cc(150)] Failed to retrieve secret: No response from portal.
[2:2:0111/085151.180299:ERROR:sharing_service.cc(296)] Device registration failed with fatal error
WARNING: Could not find theme breeze
WARNING: Could not find theme elementary
WARNING: Could not find theme gnome
WARNING: Could not find theme AdwaitaLegacy
WARNING: Could not find theme AdwaitaLegacy
WARNING: Could not find theme gnome
WARNING: Could not find theme breeze
WARNING: Could not find theme Moka
WARNING: Could not find theme gnome
WARNING: Could not find theme PiXflat
WARNING: Could not find theme 
WARNING: Could not find theme AdwaitaLegacy
WARNING: Could not find theme gnome
WARNING: Could not find theme breeze
WARNING: Could not find theme Moka
WARNING: Could not find theme gnome
WARNING: Could not find theme PiXflat
WARNING: Could not find theme 
WARNING: Could not find theme adwaita
WARNING: Could not find theme AdwaitaLegacy
WARNING: Could not find theme gnome
WARNING: Could not find theme breeze
WARNING: Could not find theme Moka
WARNING: Could not find theme gnome
WARNING: Could not find theme PiXflat
WARNING: Could not find theme 
WARNING: Could not find theme adwaita
[2:36:0111/085528.106408:ERROR:get_updates_processor.cc(267)] PostClientToServerMessage() failed during GetUpdates with error Network error (ERR_INTERNET_DISCONNECTED)

(lxappearance:20153): GLib-CRITICAL **: 08:57:57.546: g_utf8_collate: assertion 'str1 != NULL' failed

(lxappearance:20153): GLib-CRITICAL **: 08:57:57.547: g_utf8_collate: assertion 'str2 != NULL' failed

(lxappearance:20153): GLib-CRITICAL **: 08:57:57.548: g_utf8_collate: assertion 'str2 != NULL' failed

(lxappearance:20153): GLib-CRITICAL **: 08:57:57.549: g_utf8_collate: assertion 'str2 != NULL' failed
WARNING: Could not find theme breeze
WARNING: Could not find theme elementary
WARNING: Could not find theme gnome
WARNING: Could not find theme AdwaitaLegacy
WARNING: Could not find theme gnome
WARNING: Could not find theme breeze
WARNING: Could not find theme Moka
WARNING: Could not find theme gnome
WARNING: Could not find theme PiXflat
WARNING: Could not find theme 
WARNING: Could not find theme adwaita
erresc: unknown csi ESC[>4;0m
F: Can't get document portal: GDBus.Error:org.freedesktop.portal.Error.Failed: Can't mount path /run/user/1000/doc
Gtk-Message: 09:10:47.865: Failed to load module "gtk-dark-theme"
Gtk-Message: 09:10:47.865: Failed to load module "gtk-dark-theme"
Gtk-Message: 09:10:48.132: Failed to load module "gtk-dark-theme"
Gtk-Message: 09:10:48.132: Failed to load module "gtk-dark-theme"
[2:2:0111/091048.226580:ERROR:object_proxy.cc(576)] Failed to call method: org.kde.KWallet.isEnabled: object_path= /modules/kwalletd6: org.freedesktop.DBus.Error.ServiceUnknown: The name org.kde.kwalletd6 was not provided by any .service files
[2:2:0111/091048.226643:ERROR:kwallet_dbus.cc(117)] Error contacting kwalletd6 (isEnabled)
[2:2:0111/091048.226878:ERROR:object_proxy.cc(576)] Failed to call method: org.kde.KLauncher.start_service_by_desktop_name: object_path= /KLauncher: org.freedesktop.DBus.Error.ServiceUnknown: org.freedesktop.DBus.Error.ServiceUnknown
[2:2:0111/091048.226891:ERROR:kwallet_dbus.cc(86)] Error contacting klauncher to start kwalletd6
[2:2:0111/091048.227248:ERROR:object_proxy.cc(576)] Failed to call method: org.kde.KWallet.close: object_path= /modules/kwalletd6: org.freedesktop.DBus.Error.ServiceUnknown: The name org.kde.kwalletd6 was not provided by any .service files
[2:2:0111/091048.227265:ERROR:kwallet_dbus.cc(412)] Error contacting kwalletd6 (close)
[2:2:0111/091048.230586:ERROR:object_proxy.cc(576)] Failed to call method: org.kde.KWallet.isEnabled: object_path= /modules/kwalletd5: org.freedesktop.DBus.Error.ServiceUnknown: org.freedesktop.DBus.Error.ServiceUnknown
[2:2:0111/091048.230638:ERROR:kwallet_dbus.cc(117)] Error contacting kwalletd5 (isEnabled)
[2:2:0111/091048.231003:ERROR:object_proxy.cc(576)] Failed to call method: org.kde.KLauncher.start_service_by_desktop_name: object_path= /KLauncher: org.freedesktop.DBus.Error.ServiceUnknown: org.freedesktop.DBus.Error.ServiceUnknown
[2:2:0111/091048.231071:ERROR:kwallet_dbus.cc(86)] Error contacting klauncher to start kwalletd5
[2:2:0111/091048.231442:ERROR:object_proxy.cc(576)] Failed to call method: org.kde.KWallet.close: object_path= /modules/kwalletd5: org.freedesktop.DBus.Error.ServiceUnknown: org.freedesktop.DBus.Error.ServiceUnknown
[2:2:0111/091048.231468:ERROR:kwallet_dbus.cc(412)] Error contacting kwalletd5 (close)
[2:2:0111/091048.237146:ERROR:object_proxy.cc(576)] Failed to call method: org.kde.KWallet.isEnabled: object_path= /modules/kwalletd: org.freedesktop.DBus.Error.ServiceUnknown: org.freedesktop.DBus.Error.ServiceUnknown
[2:2:0111/091048.237210:ERROR:kwallet_dbus.cc(117)] Error contacting kwalletd (isEnabled)
[2:2:0111/091048.237581:ERROR:object_proxy.cc(576)] Failed to call method: org.kde.KLauncher.start_service_by_desktop_name: object_path= /KLauncher: org.freedesktop.DBus.Error.ServiceUnknown: org.freedesktop.DBus.Error.ServiceUnknown
[2:2:0111/091048.237604:ERROR:kwallet_dbus.cc(86)] Error contacting klauncher to start kwalletd
[2:2:0111/091048.237902:ERROR:object_proxy.cc(576)] Failed to call method: org.kde.KWallet.close: object_path= /modules/kwalletd: org.freedesktop.DBus.Error.ServiceUnknown: org.freedesktop.DBus.Error.ServiceUnknown
[2:2:0111/091048.237921:ERROR:kwallet_dbus.cc(412)] Error contacting kwalletd (close)
[2:166:0111/091048.575704:ERROR:object_proxy.cc(576)] Failed to call method: org.freedesktop.DBus.Properties.Get: object_path= /org/freedesktop/UPower: org.freedesktop.DBus.Error.ServiceUnknown: The name org.freedesktop.UPower was not provided by any .service files
[2:166:0111/091048.576238:ERROR:object_proxy.cc(576)] Failed to call method: org.freedesktop.UPower.GetDisplayDevice: object_path= /org/freedesktop/UPower: org.freedesktop.DBus.Error.ServiceUnknown: The name org.freedesktop.UPower was not provided by any .service files
[2:166:0111/091048.576614:ERROR:object_proxy.cc(576)] Failed to call method: org.freedesktop.UPower.EnumerateDevices: object_path= /org/freedesktop/UPower: org.freedesktop.DBus.Error.ServiceUnknown: The name org.freedesktop.UPower was not provided by any .service files
[2:2:0111/091048.585385:ERROR:object_proxy.cc(576)] Failed to call method: org.freedesktop.portal.Secret.RetrieveSecret: object_path= /org/freedesktop/portal/desktop: org.freedesktop.DBus.Error.UnknownMethod: No such interface “org.freedesktop.portal.Secret” on object at path /org/freedesktop/portal/desktop
[2:2:0111/091048.585420:ERROR:secret_portal_key_provider.cc(150)] Failed to retrieve secret: No response from portal.
[2:2:0111/091049.006424:ERROR:sharing_service.cc(296)] Device registration failed with fatal error
